<?xml version="1.0" encoding="UTF-8" ?>
<testsuite tests="1" failures="0" name="github.javaguide.test.encode.TestEncode" time="0.027" errors="0" skipped="0">
  <properties>
    <property name="java.runtime.name" value="Java(TM) SE Runtime Environment"/>
    <property name="sun.boot.library.path" value="G:\jdk1.8\jre\bin"/>
    <property name="java.vm.version" value="25.251-b08"/>
    <property name="java.vm.vendor" value="Oracle Corporation"/>
    <property name="maven.multiModuleProjectDirectory" value="G:\program practice\guide-rpc-framework\guide-rpc-framework"/>
    <property name="java.vendor.url" value="http://java.oracle.com/"/>
    <property name="path.separator" value=";"/>
    <property name="guice.disable.misplaced.annotation.check" value="true"/>
    <property name="java.vm.name" value="Java HotSpot(TM) 64-Bit Server VM"/>
    <property name="file.encoding.pkg" value="sun.io"/>
    <property name="user.script" value=""/>
    <property name="user.country" value="CN"/>
    <property name="sun.java.launcher" value="SUN_STANDARD"/>
    <property name="sun.os.patch.level" value=""/>
    <property name="java.vm.specification.name" value="Java Virtual Machine Specification"/>
    <property name="user.dir" value="G:\program practice\guide-rpc-framework\guide-rpc-framework"/>
    <property name="java.runtime.version" value="1.8.0_251-b08"/>
    <property name="java.awt.graphicsenv" value="sun.awt.Win32GraphicsEnvironment"/>
    <property name="java.endorsed.dirs" value="G:\jdk1.8\jre\lib\endorsed"/>
    <property name="os.arch" value="amd64"/>
    <property name="java.io.tmpdir" value="C:\Users\msi\AppData\Local\Temp\"/>
    <property name="line.separator" value="
"/>
    <property name="java.vm.specification.vendor" value="Oracle Corporation"/>
    <property name="user.variant" value=""/>
    <property name="os.name" value="Windows 8.1"/>
    <property name="maven.ext.class.path" value="G:\IntelliJ IDEA 2019.3.3\plugins\maven\lib\maven-event-listener.jar"/>
    <property name="archetypeCatalog" value="internal"/>
    <property name="classworlds.conf" value="G:\program practice\Maven\apache-maven-3.3.9-bin\apache-maven-3.3.9\bin\m2.conf"/>
    <property name="sun.jnu.encoding" value="GBK"/>
    <property name="java.library.path" value="G:\jdk1.8\bin;C:\Windows\Sun\Java\bin;C:\Windows\system32;C:\Windows;E:\InstallSoft\TianYu\WebAssem\WebAssembly\emsdk\java\8.152_64bit\bin;E:\InstallSoft\TianYu\WebAssem\WebAssembly\emsdk\python\3.7.4-pywin32_64bit;E:\InstallSoft\TianYu\WebAssem\WebAssembly\emsdk\node\12.18.1_64bit\bin;E:\InstallSoft\TianYu\WebAssem\WebAssembly\emsdk\upstream\emscripten;E:\InstallSoft\TianYu\WebAssem\WebAssembly\emsdk;C:\ProgramData\Oracle\Java\javapath;G:\jdk1.8\bin;C:\Program Files (x86)\Common Files\Oracle\Java\javapath;G:\program practice\Maven\apache-maven-3.3.9-bin\apache-maven-3.3.9\bin;G:\program practice\Maven\apache-maven-3.6.3-bin\apache-maven-3.6.3\bin;G:\MinGW\binC:\ProgramData\Oracle\Java\javapath;E:\MyOracle\msi\product\11.2.0\dbhome_1\bin;G:\jdk1.8\bin;D:\Python27\;D:\Python27\Scripts;C:\Program Files (x86)\Intel\iCLS Client\;C:\Program Files\Intel\iCLS Client\;C:\Windows\system32;C:\Windows;C:\Windows\System32\Wbem;C:\Windows\System32\WindowsPowerShell\v1.0\;C:\Program Files (x86)\Intel\Intel(R) Management Engine Components\DAL;C:\Program Files\Intel\Intel(R) Management Engine Components\DAL;C:\Program Files (x86)\Intel\Intel(R) Management Engine Components\IPT;C:\Program Files\Intel\Intel(R) Management Engine Components\IPT;C:\Program Files (x86)\Windows Kits\8.1\Windows Performance Toolkit\;E:\MATLAB\R2013b\runtime\win64;E:\MATLAB\R2013b\bin:D:\Python27;C:\Program Files (x86)\NVIDIA Corporation\PhysX\Common;D:\CTEX\UserData\miktex\bin;D:\CTEX\MiKTeX\miktex\bin;D:\CTEX\CTeX\ctex\bin;D:\CTEX\CTeX\cct\bin;D:\CTEX\CTeX\ty\bin;D:\CTEX\Ghostscript\gs9.05\bin;D:\CTEX\GSview\gsview;D:\CTEX\WinEdt;C:\Program Files\dotnet\;C:\Program Files (x86)\IncrediBuild;G:\MySQL\MySQL Server 5.5\bin;C:\Program Files (x86)\Microsoft SQL Server\100\Tools\Binn\;C:\Program Files\Microsoft SQL Server\100\Tools\Binn\;C:\Program Files\Microsoft SQL Server\100\DTS\Binn\;C:\Program Files\Microsoft SQL Server\Client SDK\ODBC\170\Tools\Binn\;D:\Program Files\Geometric\DFMPro for NX(x64)\DFMPro\;G:\Git\cmd;G:\MinGW\bin;C:\Windows\system32\config\systemprofile\.dnx\bin;C:\Program Files\Microsoft DNX\Dnvm\;D:\Visual Leak Detector\bin\Win32;D:\Visual Leak Detector\bin\Win64;G:\HOOPS-1710_VS_NET_2008\bin\nt_i386_vc90;E:\安装软件\GitHubDesktop_v2.1.0.0\bin;G:\Microsoft VS Code\bin;D:\Bandizip\;."/>
    <property name="java.specification.name" value="Java Platform API Specification"/>
    <property name="java.class.version" value="52.0"/>
    <property name="sun.management.compiler" value="HotSpot 64-Bit Tiered Compilers"/>
    <property name="idea.version2019.3.3" value="true"/>
    <property name="os.version" value="6.3"/>
    <property name="user.home" value="C:\Users\msi"/>
    <property name="user.timezone" value="Asia/Shanghai"/>
    <property name="java.awt.printerjob" value="sun.awt.windows.WPrinterJob"/>
    <property name="java.specification.version" value="1.8"/>
    <property name="file.encoding" value="UTF-8"/>
    <property name="user.name" value="msi"/>
    <property name="java.class.path" value="G:\program practice\Maven\apache-maven-3.3.9-bin\apache-maven-3.3.9\boot\plexus-classworlds-2.5.2.jar;G:\IntelliJ IDEA 2019.3.3\lib\idea_rt.jar"/>
    <property name="java.vm.specification.version" value="1.8"/>
    <property name="sun.arch.data.model" value="64"/>
    <property name="java.home" value="G:\jdk1.8\jre"/>
    <property name="sun.java.command" value="org.codehaus.classworlds.Launcher -Didea.version2019.3.3 -s G:\program practice\Maven\apache-maven-3.3.9-bin\apache-maven-3.3.9\conf\settings.xml install"/>
    <property name="java.specification.vendor" value="Oracle Corporation"/>
    <property name="user.language" value="zh"/>
    <property name="awt.toolkit" value="sun.awt.windows.WToolkit"/>
    <property name="java.vm.info" value="mixed mode"/>
    <property name="java.version" value="1.8.0_251"/>
    <property name="java.ext.dirs" value="G:\jdk1.8\jre\lib\ext;C:\Windows\Sun\Java\lib\ext"/>
    <property name="sun.boot.class.path" value="G:\jdk1.8\jre\lib\resources.jar;G:\jdk1.8\jre\lib\rt.jar;G:\jdk1.8\jre\lib\sunrsasign.jar;G:\jdk1.8\jre\lib\jsse.jar;G:\jdk1.8\jre\lib\jce.jar;G:\jdk1.8\jre\lib\charsets.jar;G:\jdk1.8\jre\lib\jfr.jar;G:\jdk1.8\jre\classes"/>
    <property name="java.vendor" value="Oracle Corporation"/>
    <property name="maven.home" value="G:\program practice\Maven\apache-maven-3.3.9-bin\apache-maven-3.3.9"/>
    <property name="file.separator" value="\"/>
    <property name="java.vendor.url.bug" value="http://bugreport.sun.com/bugreport/"/>
    <property name="sun.cpu.endian" value="little"/>
    <property name="sun.io.unicode.encoding" value="UnicodeLittle"/>
    <property name="sun.desktop" value="windows"/>
    <property name="sun.cpu.isalist" value="amd64"/>
  </properties>
  <testcase classname="github.javaguide.test.encode.TestEncode" name="testEncode" time="0.027"/>
</testsuite>